<?xml version="1.0" encoding="UTF-8"?>
<!-- Generated by org.testng.reporters.JUnitReportReporter -->
<testsuite hostname="PUNE-LAP0390" name="com.javainuse.service.EmployeePaymentServiceTest_spy" tests="1" failures="0" timestamp="1 Jul 2016 19:17:28 GMT" time="16.773" errors="0">
  <testcase name="testGetSalary" time="16.773" classname="com.javainuse.service.EmployeePaymentServiceTest_spy"/>
</testsuite> <!-- com.javainuse.service.EmployeePaymentServiceTest_spy -->
