<?xml version="1.0" encoding="UTF-8"?>
<!-- Generated by org.testng.reporters.JUnitReportReporter -->
<testsuite hostname="PUNE-LAP0390" name="com.javainuse.service.EmployeePaymentServiceTest" tests="1" failures="0" timestamp="1 Jul 2016 19:09:11 GMT" time="0.232" errors="0">
  <testcase name="testGetSalary" time="0.232" classname="com.javainuse.service.EmployeePaymentServiceTest"/>
</testsuite> <!-- com.javainuse.service.EmployeePaymentServiceTest -->
