<?xml version="1.0" encoding="UTF-8"?>
<!-- Generated by org.testng.reporters.JUnitReportReporter -->
<testsuite hostname="PUNE-LAP0390" name="com.javainuse.service.EmployeePaymentServiceTest_MockCallRealMethod" tests="1" failures="0" timestamp="2 Jul 2016 19:34:16 GMT" time="0.441" errors="0">
  <testcase name="testGetSalary" time="0.441" classname="com.javainuse.service.EmployeePaymentServiceTest_MockCallRealMethod"/>
</testsuite> <!-- com.javainuse.service.EmployeePaymentServiceTest_MockCallRealMethod -->
